<?xml version="1.0" encoding="UTF-8"?>
<!-- Generated by org.testng.reporters.JUnitXMLReporter -->
<testsuite hostname="DESKTOP-LQD5SK1" ignored="0" name="Test" tests="4" failures="0" timestamp="2022-05-18T18:46:43 IST" time="0.069" errors="0">
  <testcase name="Postjira" time="0.007" classname="rahulshettyacdemy.Mavenjava.RestApi"/>
  <testcase name="deleleTwitter" time="0.001" classname="rahulshettyacdemy.Mavenjava.RestApi"/>
  <testcase name="BrowserAutomation" time="0.001" classname="rahulshettyacdemy.Mavenjava.Seleniumjava"/>
  <testcase name="elementsui" time="0.001" classname="rahulshettyacdemy.Mavenjava.Seleniumjava"/>
</testsuite> <!-- Test -->
