<?xml version="1.0" encoding="UTF-8"?>
<testng-results skipped="0" failed="0" ignored="0" total="4" passed="4">
  <reporter-output>
  </reporter-output>
  <suite name="Suite" duration-ms="69" started-at="2022-05-18T18:46:43 IST" finished-at="2022-05-18T18:46:43 IST">
    <groups>
    </groups>
    <test name="Test" duration-ms="69" started-at="2022-05-18T18:46:43 IST" finished-at="2022-05-18T18:46:43 IST">
      <class name="rahulshettyacdemy.Mavenjava.Seleniumjava">
        <test-method status="PASS" signature="BrowserAutomation()[pri:0, instance:rahulshettyacdemy.Mavenjava.Seleniumjava@9a7504c]" name="BrowserAutomation" duration-ms="1" started-at="2022-05-18T18:46:43 IST" finished-at="2022-05-18T18:46:43 IST">
          <reporter-output>
          </reporter-output>
        </test-method> <!-- BrowserAutomation -->
        <test-method status="PASS" signature="elementsui()[pri:0, instance:rahulshettyacdemy.Mavenjava.Seleniumjava@9a7504c]" name="elementsui" duration-ms="1" started-at="2022-05-18T18:46:43 IST" finished-at="2022-05-18T18:46:43 IST">
          <reporter-output>
          </reporter-output>
        </test-method> <!-- elementsui -->
      </class> <!-- rahulshettyacdemy.Mavenjava.Seleniumjava -->
      <class name="rahulshettyacdemy.Mavenjava.RestApi">
        <test-method status="PASS" signature="Postjira()[pri:0, instance:rahulshettyacdemy.Mavenjava.RestApi@c46bcd4]" name="Postjira" duration-ms="7" started-at="2022-05-18T18:46:43 IST" finished-at="2022-05-18T18:46:43 IST">
          <reporter-output>
          </reporter-output>
        </test-method> <!-- Postjira -->
        <test-method status="PASS" signature="deleleTwitter()[pri:0, instance:rahulshettyacdemy.Mavenjava.RestApi@c46bcd4]" name="deleleTwitter" duration-ms="1" started-at="2022-05-18T18:46:43 IST" finished-at="2022-05-18T18:46:43 IST">
          <reporter-output>
          </reporter-output>
        </test-method> <!-- deleleTwitter -->
      </class> <!-- rahulshettyacdemy.Mavenjava.RestApi -->
    </test> <!-- Test -->
  </suite> <!-- Suite -->
</testng-results>
